0 info it worked if it ends with ok
1 verbose cli [ '/home/ubuntu/.nvm/versions/node/v6.14.1/bin/node',
1 verbose cli   '/home/ubuntu/.nvm/versions/node/v6.14.1/bin/npm',
1 verbose cli   'run',
1 verbose cli   'server' ]
2 info using npm@3.10.10
3 info using node@v6.14.1
4 verbose run-script [ 'preserver', 'server', 'postserver' ]
5 info lifecycle chat-app@0.1.0~preserver: chat-app@0.1.0
6 silly lifecycle chat-app@0.1.0~preserver: no script for preserver, continuing
7 info lifecycle chat-app@0.1.0~server: chat-app@0.1.0
8 verbose lifecycle chat-app@0.1.0~server: unsafe-perm in lifecycle true
9 verbose lifecycle chat-app@0.1.0~server: PATH: /home/ubuntu/.nvm/versions/node/v6.14.1/lib/node_modules/npm/bin/node-gyp-bin:/home/ubuntu/workspace/node_modules/.bin:/home/ubuntu/.nvm/versions/node/v6.14.1/bin:/usr/local/rvm/gems/ruby-2.4.0/bin:/usr/local/rvm/gems/ruby-2.4.0@global/bin:/usr/local/rvm/rubies/ruby-2.4.0/bin:/mnt/shared/bin:/home/ubuntu/workspace/node_modules/.bin:/home/ubuntu/bin:/usr/local/sbin:/usr/local/bin:/usr/sbin:/usr/bin:/sbin:/bin:/mnt/shared/sbin:/opt/gitl:/opt/go/bin:/mnt/shared/c9/app.nw/bin:/usr/local/rvm/bin
10 verbose lifecycle chat-app@0.1.0~server: CWD: /home/ubuntu/workspace
11 silly lifecycle chat-app@0.1.0~server: Args: [ '-c', 'nodemon src/server/index.js' ]
12 silly lifecycle chat-app@0.1.0~server: Returned: code: 126  signal: null
13 info lifecycle chat-app@0.1.0~server: Failed to exec server script
14 verbose stack Error: chat-app@0.1.0 server: `nodemon src/server/index.js`
14 verbose stack Exit status 126
14 verbose stack     at EventEmitter.<anonymous> (/home/ubuntu/.nvm/versions/node/v6.14.1/lib/node_modules/npm/lib/utils/lifecycle.js:255:16)
14 verbose stack     at emitTwo (events.js:106:13)
14 verbose stack     at EventEmitter.emit (events.js:191:7)
14 verbose stack     at ChildProcess.<anonymous> (/home/ubuntu/.nvm/versions/node/v6.14.1/lib/node_modules/npm/lib/utils/spawn.js:40:14)
14 verbose stack     at emitTwo (events.js:106:13)
14 verbose stack     at ChildProcess.emit (events.js:191:7)
14 verbose stack     at maybeClose (internal/child_process.js:920:16)
14 verbose stack     at Process.ChildProcess._handle.onexit (internal/child_process.js:230:5)
15 verbose pkgid chat-app@0.1.0
16 verbose cwd /home/ubuntu/workspace
17 error Linux 4.9.80-c9
18 error argv "/home/ubuntu/.nvm/versions/node/v6.14.1/bin/node" "/home/ubuntu/.nvm/versions/node/v6.14.1/bin/npm" "run" "server"
19 error node v6.14.1
20 error npm  v3.10.10
21 error code ELIFECYCLE
22 error chat-app@0.1.0 server: `nodemon src/server/index.js`
22 error Exit status 126
23 error Failed at the chat-app@0.1.0 server script 'nodemon src/server/index.js'.
23 error Make sure you have the latest version of node.js and npm installed.
23 error If you do, this is most likely a problem with the chat-app package,
23 error not with npm itself.
23 error Tell the author that this fails on your system:
23 error     nodemon src/server/index.js
23 error You can get information on how to open an issue for this project with:
23 error     npm bugs chat-app
23 error Or if that isn't available, you can get their info via:
23 error     npm owner ls chat-app
23 error There is likely additional logging output above.
24 verbose exit [ 1, true ]
